2025-06-24 00:02:12,544 - INFO - === INICIANDO BOT MEETIC ===
2025-06-24 00:02:12,560 - INFO - URL objetivo: https://www.meetic.es/
2025-06-24 00:02:12,561 - INFO - === CICLO 1 - 2025-06-24 00:02:12.561276 ===
2025-06-24 00:02:12,561 - INFO - === INICIANDO SCRAPING DE MEETIC ===
2025-06-24 00:02:12,567 - INFO - [Telegram] Preparando envío de mensaje...
2025-06-24 00:02:15,799 - INFO - HTTP Request: POST https://api.telegram.org/bot7594937355:AAFI5oKkXpm1UsBx5lf0jwBR_TJQImec5_s/sendMessage "HTTP/1.1 400 Bad Request"
2025-06-24 00:02:15,808 - ERROR - No se pudo enviar mensaje de error
2025-06-24 00:07:42,728 - INFO - === INICIANDO BOT MEETIC ===
2025-06-24 00:07:42,732 - INFO - TELEGRAM_TOKEN configurado: SI
2025-06-24 00:07:42,732 - INFO - TELEGRAM_CHAT_ID configurado: SI
2025-06-24 00:07:42,732 - INFO - TELEGRAM_CHAT_ID valor: 7647357239
2025-06-24 00:07:42,732 - INFO - URL objetivo: https://www.meetic.es/
2025-06-24 00:07:42,733 - INFO - === CICLO 1 - 2025-06-24 00:07:42.733627 ===
2025-06-24 00:07:42,733 - INFO - === INICIANDO SCRAPING DE MEETIC ===
2025-06-24 00:07:43,124 - INFO - [Playwright] Iniciando navegador...
2025-06-24 00:07:43,848 - INFO - [Playwright] Navegando a: https://www.meetic.es/
2025-06-24 00:07:45,026 - INFO - [Playwright] Pagina cargada
2025-06-24 00:07:45,403 - INFO - [Debug] Screenshot guardado
2025-06-24 00:07:45,403 - WARNING - [MANUAL] Esperando login manual...
2025-06-24 00:15:22,432 - INFO - Bot detenido por el usuario
